[0.016s] Invoking command in '/home/leoo/Documents/GitHub/ENPM673_turtlebot_perception_challenge/build/enpm673_final_proj': CMAKE_PREFIX_PATH=${CMAKE_PREFIX_PATH}:/opt/ros/galactic /home/leoo/.local/bin/cmake --build /home/leoo/Documents/GitHub/ENPM673_turtlebot_perception_challenge/build/enpm673_final_proj -- -j8 -l8
[0.102s] [ 50%] Built target cpp_enpm673_final_proj
[0.104s] [ 50%] Built target ament_cmake_python_symlink_enpm673_module
[0.118s] [100%] Built target animated_box
[0.341s] running egg_info
[0.341s] writing enpm673_module.egg-info/PKG-INFO
[0.342s] writing dependency_links to enpm673_module.egg-info/dependency_links.txt
[0.342s] writing top-level names to enpm673_module.egg-info/top_level.txt
[0.381s] reading manifest file 'enpm673_module.egg-info/SOURCES.txt'
[0.382s] writing manifest file 'enpm673_module.egg-info/SOURCES.txt'
[0.413s] [100%] Built target ament_cmake_python_build_enpm673_module_egg
[0.431s] Invoked command in '/home/leoo/Documents/GitHub/ENPM673_turtlebot_perception_challenge/build/enpm673_final_proj' returned '0': CMAKE_PREFIX_PATH=${CMAKE_PREFIX_PATH}:/opt/ros/galactic /home/leoo/.local/bin/cmake --build /home/leoo/Documents/GitHub/ENPM673_turtlebot_perception_challenge/build/enpm673_final_proj -- -j8 -l8
[0.598s] Invoking command in '/home/leoo/Documents/GitHub/ENPM673_turtlebot_perception_challenge/build/enpm673_final_proj': CMAKE_PREFIX_PATH=${CMAKE_PREFIX_PATH}:/opt/ros/galactic /home/leoo/.local/bin/cmake --install /home/leoo/Documents/GitHub/ENPM673_turtlebot_perception_challenge/build/enpm673_final_proj
[0.659s] -- Install configuration: ""
[0.660s] -- Execute custom install script
[0.660s] -- Up-to-date symlink: /home/leoo/Documents/GitHub/ENPM673_turtlebot_perception_challenge/install/enpm673_final_proj/lib/enpm673_final_proj/cpp_enpm673_final_proj
[0.660s] -- Up-to-date symlink: /home/leoo/Documents/GitHub/ENPM673_turtlebot_perception_challenge/install/enpm673_final_proj/share/enpm673_final_proj/environment/pythonpath.sh
[0.661s] -- Up-to-date symlink: /home/leoo/Documents/GitHub/ENPM673_turtlebot_perception_challenge/install/enpm673_final_proj/share/enpm673_final_proj/environment/pythonpath.dsv
[0.661s] -- Up-to-date symlink: /home/leoo/Documents/GitHub/ENPM673_turtlebot_perception_challenge/install/enpm673_final_proj/lib/python3.8/site-packages//enpm673_module.egg-info/PKG-INFO
[0.661s] -- Up-to-date symlink: /home/leoo/Documents/GitHub/ENPM673_turtlebot_perception_challenge/install/enpm673_final_proj/lib/python3.8/site-packages//enpm673_module.egg-info/SOURCES.txt
[0.661s] -- Up-to-date symlink: /home/leoo/Documents/GitHub/ENPM673_turtlebot_perception_challenge/install/enpm673_final_proj/lib/python3.8/site-packages//enpm673_module.egg-info/dependency_links.txt
[0.662s] -- Up-to-date symlink: /home/leoo/Documents/GitHub/ENPM673_turtlebot_perception_challenge/install/enpm673_final_proj/lib/python3.8/site-packages//enpm673_module.egg-info/top_level.txt
[0.662s] -- Up-to-date symlink: /home/leoo/Documents/GitHub/ENPM673_turtlebot_perception_challenge/install/enpm673_final_proj/lib/python3.8/site-packages/enpm673_module/__init__.py
[0.662s] -- Up-to-date symlink: /home/leoo/Documents/GitHub/ENPM673_turtlebot_perception_challenge/install/enpm673_final_proj/lib/python3.8/site-packages/enpm673_module/enpm673_final_proj.py
[0.662s] -- Up-to-date symlink: /home/leoo/Documents/GitHub/ENPM673_turtlebot_perception_challenge/install/enpm673_final_proj/lib/enpm673_final_proj/enpm673_final_proj_main.py
[0.663s] -- Up-to-date symlink: /home/leoo/Documents/GitHub/ENPM673_turtlebot_perception_challenge/install/enpm673_final_proj/share/enpm673_final_proj/launch//enpm673_world.launch.py
[0.663s] -- Up-to-date symlink: /home/leoo/Documents/GitHub/ENPM673_turtlebot_perception_challenge/install/enpm673_final_proj/lib/enpm673_final_proj/libanimated_box.so
[0.663s] -- Up-to-date symlink: /home/leoo/Documents/GitHub/ENPM673_turtlebot_perception_challenge/install/enpm673_final_proj/share/enpm673_final_proj/worlds//enpm673.world
[0.663s] -- Up-to-date symlink: /home/leoo/Documents/GitHub/ENPM673_turtlebot_perception_challenge/install/enpm673_final_proj/share/enpm673_final_proj/worlds//animated_box.world
[0.664s] -- Up-to-date symlink: /home/leoo/Documents/GitHub/ENPM673_turtlebot_perception_challenge/install/enpm673_final_proj/share/enpm673_final_proj//models/aruco_marker/materials/scripts/marker.material
[0.664s] -- Up-to-date symlink: /home/leoo/Documents/GitHub/ENPM673_turtlebot_perception_challenge/install/enpm673_final_proj/share/enpm673_final_proj//models/aruco_marker/materials/textures/marker.png
[0.665s] -- Up-to-date symlink: /home/leoo/Documents/GitHub/ENPM673_turtlebot_perception_challenge/install/enpm673_final_proj/share/enpm673_final_proj//models/aruco_marker/model.config
[0.665s] -- Up-to-date symlink: /home/leoo/Documents/GitHub/ENPM673_turtlebot_perception_challenge/install/enpm673_final_proj/share/enpm673_final_proj//models/aruco_marker/model.sdf
[0.665s] -- Up-to-date symlink: /home/leoo/Documents/GitHub/ENPM673_turtlebot_perception_challenge/install/enpm673_final_proj/share/enpm673_final_proj//models/best.pt
[0.666s] -- Up-to-date symlink: /home/leoo/Documents/GitHub/ENPM673_turtlebot_perception_challenge/install/enpm673_final_proj/share/enpm673_final_proj//models/checkerboard_6_8_0_03/checkerboard.sdf
[0.666s] -- Up-to-date symlink: /home/leoo/Documents/GitHub/ENPM673_turtlebot_perception_challenge/install/enpm673_final_proj/share/enpm673_final_proj//models/checkerboard_6_8_0_03/model.config
[0.666s] -- Up-to-date symlink: /home/leoo/Documents/GitHub/ENPM673_turtlebot_perception_challenge/install/enpm673_final_proj/share/enpm673_final_proj//models/floor_tile/model.config
[0.666s] -- Up-to-date symlink: /home/leoo/Documents/GitHub/ENPM673_turtlebot_perception_challenge/install/enpm673_final_proj/share/enpm673_final_proj//models/floor_tile/model.sdf
[0.666s] -- Up-to-date symlink: /home/leoo/Documents/GitHub/ENPM673_turtlebot_perception_challenge/install/enpm673_final_proj/share/enpm673_final_proj//models/lane_markings/model.config
[0.666s] -- Up-to-date symlink: /home/leoo/Documents/GitHub/ENPM673_turtlebot_perception_challenge/install/enpm673_final_proj/share/enpm673_final_proj//models/lane_markings/model.sdf
[0.666s] -- Up-to-date symlink: /home/leoo/Documents/GitHub/ENPM673_turtlebot_perception_challenge/install/enpm673_final_proj/share/enpm673_final_proj//models/paper_letter_size/model.config
[0.667s] -- Up-to-date symlink: /home/leoo/Documents/GitHub/ENPM673_turtlebot_perception_challenge/install/enpm673_final_proj/share/enpm673_final_proj//models/paper_letter_size/model.sdf
[0.667s] -- Up-to-date symlink: /home/leoo/Documents/GitHub/ENPM673_turtlebot_perception_challenge/install/enpm673_final_proj/share/enpm673_final_proj//models/textured_floor/model.config
[0.667s] -- Up-to-date symlink: /home/leoo/Documents/GitHub/ENPM673_turtlebot_perception_challenge/install/enpm673_final_proj/share/enpm673_final_proj//models/textured_floor/model.sdf
[0.667s] -- Up-to-date symlink: /home/leoo/Documents/GitHub/ENPM673_turtlebot_perception_challenge/install/enpm673_final_proj/share/enpm673_final_proj//models/umd_turtlebot3_waffle_pi/model.config
[0.667s] -- Up-to-date symlink: /home/leoo/Documents/GitHub/ENPM673_turtlebot_perception_challenge/install/enpm673_final_proj/share/enpm673_final_proj//models/umd_turtlebot3_waffle_pi/model.sdf
[0.667s] -- Up-to-date symlink: /home/leoo/Documents/GitHub/ENPM673_turtlebot_perception_challenge/install/enpm673_final_proj/share/ament_index/resource_index/package_run_dependencies/enpm673_final_proj
[0.667s] -- Up-to-date symlink: /home/leoo/Documents/GitHub/ENPM673_turtlebot_perception_challenge/install/enpm673_final_proj/share/ament_index/resource_index/parent_prefix_path/enpm673_final_proj
[0.667s] -- Up-to-date symlink: /home/leoo/Documents/GitHub/ENPM673_turtlebot_perception_challenge/install/enpm673_final_proj/share/enpm673_final_proj/environment/ament_prefix_path.sh
[0.667s] -- Up-to-date symlink: /home/leoo/Documents/GitHub/ENPM673_turtlebot_perception_challenge/install/enpm673_final_proj/share/enpm673_final_proj/environment/ament_prefix_path.dsv
[0.667s] -- Up-to-date symlink: /home/leoo/Documents/GitHub/ENPM673_turtlebot_perception_challenge/install/enpm673_final_proj/share/enpm673_final_proj/environment/path.sh
[0.668s] -- Up-to-date symlink: /home/leoo/Documents/GitHub/ENPM673_turtlebot_perception_challenge/install/enpm673_final_proj/share/enpm673_final_proj/environment/path.dsv
[0.668s] -- Up-to-date symlink: /home/leoo/Documents/GitHub/ENPM673_turtlebot_perception_challenge/install/enpm673_final_proj/share/enpm673_final_proj/local_setup.bash
[0.668s] -- Up-to-date symlink: /home/leoo/Documents/GitHub/ENPM673_turtlebot_perception_challenge/install/enpm673_final_proj/share/enpm673_final_proj/local_setup.sh
[0.668s] -- Up-to-date symlink: /home/leoo/Documents/GitHub/ENPM673_turtlebot_perception_challenge/install/enpm673_final_proj/share/enpm673_final_proj/local_setup.zsh
[0.668s] -- Up-to-date symlink: /home/leoo/Documents/GitHub/ENPM673_turtlebot_perception_challenge/install/enpm673_final_proj/share/enpm673_final_proj/local_setup.dsv
[0.668s] -- Symlinking: /home/leoo/Documents/GitHub/ENPM673_turtlebot_perception_challenge/install/enpm673_final_proj/share/enpm673_final_proj/package.dsv
[0.671s] -- Up-to-date symlink: /home/leoo/Documents/GitHub/ENPM673_turtlebot_perception_challenge/install/enpm673_final_proj/share/ament_index/resource_index/packages/enpm673_final_proj
[0.672s] -- Up-to-date symlink: /home/leoo/Documents/GitHub/ENPM673_turtlebot_perception_challenge/install/enpm673_final_proj/share/enpm673_final_proj/cmake/enpm673_final_projConfig.cmake
[0.672s] -- Up-to-date symlink: /home/leoo/Documents/GitHub/ENPM673_turtlebot_perception_challenge/install/enpm673_final_proj/share/enpm673_final_proj/cmake/enpm673_final_projConfig-version.cmake
[0.672s] -- Up-to-date symlink: /home/leoo/Documents/GitHub/ENPM673_turtlebot_perception_challenge/install/enpm673_final_proj/share/enpm673_final_proj/package.xml
[0.697s] Listing '/home/leoo/Documents/GitHub/ENPM673_turtlebot_perception_challenge/install/enpm673_final_proj/lib/python3.8/site-packages/enpm673_module'...
[0.716s] Invoked command in '/home/leoo/Documents/GitHub/ENPM673_turtlebot_perception_challenge/build/enpm673_final_proj' returned '0': CMAKE_PREFIX_PATH=${CMAKE_PREFIX_PATH}:/opt/ros/galactic /home/leoo/.local/bin/cmake --install /home/leoo/Documents/GitHub/ENPM673_turtlebot_perception_challenge/build/enpm673_final_proj
