[0.212s] DEBUG:colcon:Command line arguments: ['/usr/bin/colcon', 'build', '--symlink-install', '--packages-select', 'enpm673_final_proj']
[0.212s] DEBUG:colcon:Parsed command line arguments: Namespace(allow_overriding=[], ament_cmake_args=None, base_paths=['.'], build_base='build', catkin_cmake_args=None, catkin_skip_building_tests=False, cmake_args=None, cmake_clean_cache=False, cmake_clean_first=False, cmake_force_configure=False, cmake_target=None, cmake_target_skip_unavailable=False, continue_on_error=False, event_handlers=None, executor='parallel', ignore_user_meta=False, install_base='install', log_base=None, log_level=None, main=<bound method BuildVerb.main of <colcon_core.verb.build.BuildVerb object at 0x7f2f2b5aa610>>, merge_install=False, metas=['./colcon.meta'], packages_above=None, packages_above_and_dependencies=None, packages_above_depth=None, packages_end=None, packages_ignore=None, packages_ignore_regex=None, packages_select=['enpm673_final_proj'], packages_select_build_failed=False, packages_select_by_dep=None, packages_select_regex=None, packages_select_test_failures=False, packages_skip=None, packages_skip_build_finished=False, packages_skip_by_dep=None, packages_skip_regex=None, packages_skip_test_passed=False, packages_skip_up_to=None, packages_start=None, packages_up_to=None, packages_up_to_regex=None, parallel_workers=8, paths=None, symlink_install=True, test_result_base=None, verb_extension=<colcon_core.verb.build.BuildVerb object at 0x7f2f2b5aa610>, verb_name='build', verb_parser=<colcon_defaults.argument_parser.defaults.DefaultArgumentsDecorator object at 0x7f2f2b5aaa90>)
[0.363s] Level 1:colcon.colcon_core.package_discovery:discover_packages(colcon_meta) check parameters
[0.364s] Level 1:colcon.colcon_core.package_discovery:discover_packages(recursive) check parameters
[0.364s] Level 1:colcon.colcon_core.package_discovery:discover_packages(ignore) check parameters
[0.364s] Level 1:colcon.colcon_core.package_discovery:discover_packages(path) check parameters
[0.364s] Level 1:colcon.colcon_core.package_discovery:discover_packages(colcon_meta) discover
[0.364s] Level 1:colcon.colcon_core.package_discovery:discover_packages(recursive) discover
[0.364s] INFO:colcon.colcon_core.package_discovery:Crawling recursively for packages in '/home/leoo/Documents/GitHub/ENPM673_turtlebot_perception_challenge'
[0.364s] Level 1:colcon.colcon_core.package_identification:_identify(.) by extensions ['ignore', 'ignore_ament_install']
[0.364s] Level 1:colcon.colcon_core.package_identification:_identify(.) by extension 'ignore'
[0.364s] Level 1:colcon.colcon_core.package_identification:_identify(.) by extension 'ignore_ament_install'
[0.364s] Level 1:colcon.colcon_core.package_identification:_identify(.) by extensions ['colcon_pkg']
[0.364s] Level 1:colcon.colcon_core.package_identification:_identify(.) by extension 'colcon_pkg'
[0.364s] Level 1:colcon.colcon_core.package_identification:_identify(.) by extensions ['colcon_meta']
[0.364s] Level 1:colcon.colcon_core.package_identification:_identify(.) by extension 'colcon_meta'
[0.364s] Level 1:colcon.colcon_core.package_identification:_identify(.) by extensions ['ros']
[0.364s] Level 1:colcon.colcon_core.package_identification:_identify(.) by extension 'ros'
[0.374s] Level 1:colcon.colcon_core.package_identification:_identify(.) by extensions ['cmake', 'python']
[0.374s] Level 1:colcon.colcon_core.package_identification:_identify(.) by extension 'cmake'
[0.374s] Level 1:colcon.colcon_core.package_identification:_identify(.) by extension 'python'
[0.374s] Level 1:colcon.colcon_core.package_identification:_identify(.) by extensions ['python_setup_py']
[0.374s] Level 1:colcon.colcon_core.package_identification:_identify(.) by extension 'python_setup_py'
[0.374s] Level 1:colcon.colcon_core.package_identification:_identify(build) by extensions ['ignore', 'ignore_ament_install']
[0.375s] Level 1:colcon.colcon_core.package_identification:_identify(build) by extension 'ignore'
[0.375s] Level 1:colcon.colcon_core.package_identification:_identify(build) ignored
[0.375s] Level 1:colcon.colcon_core.package_identification:_identify(enpm673_final_proj) by extensions ['ignore', 'ignore_ament_install']
[0.375s] Level 1:colcon.colcon_core.package_identification:_identify(enpm673_final_proj) by extension 'ignore'
[0.375s] Level 1:colcon.colcon_core.package_identification:_identify(enpm673_final_proj) by extension 'ignore_ament_install'
[0.375s] Level 1:colcon.colcon_core.package_identification:_identify(enpm673_final_proj) by extensions ['colcon_pkg']
[0.375s] Level 1:colcon.colcon_core.package_identification:_identify(enpm673_final_proj) by extension 'colcon_pkg'
[0.375s] Level 1:colcon.colcon_core.package_identification:_identify(enpm673_final_proj) by extensions ['colcon_meta']
[0.375s] Level 1:colcon.colcon_core.package_identification:_identify(enpm673_final_proj) by extension 'colcon_meta'
[0.375s] Level 1:colcon.colcon_core.package_identification:_identify(enpm673_final_proj) by extensions ['ros']
[0.375s] Level 1:colcon.colcon_core.package_identification:_identify(enpm673_final_proj) by extension 'ros'
[0.377s] DEBUG:colcon.colcon_core.package_identification:Package 'enpm673_final_proj' with type 'ros.ament_cmake' and name 'enpm673_final_proj'
[0.378s] Level 1:colcon.colcon_core.package_identification:_identify(install) by extensions ['ignore', 'ignore_ament_install']
[0.378s] Level 1:colcon.colcon_core.package_identification:_identify(install) by extension 'ignore'
[0.378s] Level 1:colcon.colcon_core.package_identification:_identify(install) ignored
[0.378s] Level 1:colcon.colcon_core.package_identification:_identify(log) by extensions ['ignore', 'ignore_ament_install']
[0.378s] Level 1:colcon.colcon_core.package_identification:_identify(log) by extension 'ignore'
[0.378s] Level 1:colcon.colcon_core.package_identification:_identify(log) ignored
[0.378s] Level 1:colcon.colcon_core.package_identification:_identify(screenshots) by extensions ['ignore', 'ignore_ament_install']
[0.378s] Level 1:colcon.colcon_core.package_identification:_identify(screenshots) by extension 'ignore'
[0.378s] Level 1:colcon.colcon_core.package_identification:_identify(screenshots) by extension 'ignore_ament_install'
[0.378s] Level 1:colcon.colcon_core.package_identification:_identify(screenshots) by extensions ['colcon_pkg']
[0.378s] Level 1:colcon.colcon_core.package_identification:_identify(screenshots) by extension 'colcon_pkg'
[0.378s] Level 1:colcon.colcon_core.package_identification:_identify(screenshots) by extensions ['colcon_meta']
[0.378s] Level 1:colcon.colcon_core.package_identification:_identify(screenshots) by extension 'colcon_meta'
[0.378s] Level 1:colcon.colcon_core.package_identification:_identify(screenshots) by extensions ['ros']
[0.378s] Level 1:colcon.colcon_core.package_identification:_identify(screenshots) by extension 'ros'
[0.378s] Level 1:colcon.colcon_core.package_identification:_identify(screenshots) by extensions ['cmake', 'python']
[0.378s] Level 1:colcon.colcon_core.package_identification:_identify(screenshots) by extension 'cmake'
[0.378s] Level 1:colcon.colcon_core.package_identification:_identify(screenshots) by extension 'python'
[0.378s] Level 1:colcon.colcon_core.package_identification:_identify(screenshots) by extensions ['python_setup_py']
[0.378s] Level 1:colcon.colcon_core.package_identification:_identify(screenshots) by extension 'python_setup_py'
[0.379s] Level 1:colcon.colcon_core.package_discovery:discover_packages(recursive) using defaults
[0.379s] Level 1:colcon.colcon_core.package_discovery:discover_packages(ignore) discover
[0.379s] Level 1:colcon.colcon_core.package_discovery:discover_packages(ignore) using defaults
[0.379s] Level 1:colcon.colcon_core.package_discovery:discover_packages(path) discover
[0.379s] Level 1:colcon.colcon_core.package_discovery:discover_packages(path) using defaults
[0.404s] Level 1:colcon.colcon_core.package_discovery:discover_packages(prefix_path) check parameters
[0.404s] Level 1:colcon.colcon_core.package_discovery:discover_packages(prefix_path) discover
[0.406s] DEBUG:colcon.colcon_installed_package_information.package_discovery:Found 1 installed packages in /home/leoo/Documents/GitHub/ENPM673_turtlebot_perception_challenge/install
[0.407s] DEBUG:colcon.colcon_installed_package_information.package_discovery:Found 350 installed packages in /opt/ros/galactic
[0.409s] Level 1:colcon.colcon_core.package_discovery:discover_packages(prefix_path) using defaults
[0.471s] Level 5:colcon.colcon_core.verb:set package 'enpm673_final_proj' build argument 'cmake_args' from command line to 'None'
[0.471s] Level 5:colcon.colcon_core.verb:set package 'enpm673_final_proj' build argument 'cmake_target' from command line to 'None'
[0.471s] Level 5:colcon.colcon_core.verb:set package 'enpm673_final_proj' build argument 'cmake_target_skip_unavailable' from command line to 'False'
[0.471s] Level 5:colcon.colcon_core.verb:set package 'enpm673_final_proj' build argument 'cmake_clean_cache' from command line to 'False'
[0.471s] Level 5:colcon.colcon_core.verb:set package 'enpm673_final_proj' build argument 'cmake_clean_first' from command line to 'False'
[0.471s] Level 5:colcon.colcon_core.verb:set package 'enpm673_final_proj' build argument 'cmake_force_configure' from command line to 'False'
[0.471s] Level 5:colcon.colcon_core.verb:set package 'enpm673_final_proj' build argument 'ament_cmake_args' from command line to 'None'
[0.471s] Level 5:colcon.colcon_core.verb:set package 'enpm673_final_proj' build argument 'catkin_cmake_args' from command line to 'None'
[0.471s] Level 5:colcon.colcon_core.verb:set package 'enpm673_final_proj' build argument 'catkin_skip_building_tests' from command line to 'False'
[0.471s] DEBUG:colcon.colcon_core.verb:Building package 'enpm673_final_proj' with the following arguments: {'ament_cmake_args': None, 'build_base': '/home/leoo/Documents/GitHub/ENPM673_turtlebot_perception_challenge/build/enpm673_final_proj', 'catkin_cmake_args': None, 'catkin_skip_building_tests': False, 'cmake_args': None, 'cmake_clean_cache': False, 'cmake_clean_first': False, 'cmake_force_configure': False, 'cmake_target': None, 'cmake_target_skip_unavailable': False, 'install_base': '/home/leoo/Documents/GitHub/ENPM673_turtlebot_perception_challenge/install/enpm673_final_proj', 'merge_install': False, 'path': '/home/leoo/Documents/GitHub/ENPM673_turtlebot_perception_challenge/enpm673_final_proj', 'symlink_install': True, 'test_result_base': None}
[0.471s] INFO:colcon.colcon_core.executor:Executing jobs using 'parallel' executor
[0.472s] DEBUG:colcon.colcon_parallel_executor.executor.parallel:run_until_complete
[0.472s] INFO:colcon.colcon_ros.task.ament_cmake.build:Building ROS package in '/home/leoo/Documents/GitHub/ENPM673_turtlebot_perception_challenge/enpm673_final_proj' with build type 'ament_cmake'
[0.472s] INFO:colcon.colcon_cmake.task.cmake.build:Building CMake package in '/home/leoo/Documents/GitHub/ENPM673_turtlebot_perception_challenge/enpm673_final_proj'
[0.475s] INFO:colcon.colcon_core.plugin_system:Skipping extension 'colcon_core.shell.bat': Not used on non-Windows systems
[0.475s] INFO:colcon.colcon_core.shell:Skip shell extension 'powershell' for command environment: Not usable outside of PowerShell
[0.475s] DEBUG:colcon.colcon_core.shell:Skip shell extension 'dsv' for command environment
[0.490s] DEBUG:colcon.colcon_core.event_handler.log_command:Invoking command in '/home/leoo/Documents/GitHub/ENPM673_turtlebot_perception_challenge/build/enpm673_final_proj': CMAKE_PREFIX_PATH=${CMAKE_PREFIX_PATH}:/opt/ros/galactic /home/leoo/.local/bin/cmake --build /home/leoo/Documents/GitHub/ENPM673_turtlebot_perception_challenge/build/enpm673_final_proj -- -j8 -l8
[0.888s] DEBUG:colcon.colcon_core.event_handler.log_command:Invoked command in '/home/leoo/Documents/GitHub/ENPM673_turtlebot_perception_challenge/build/enpm673_final_proj' returned '0': CMAKE_PREFIX_PATH=${CMAKE_PREFIX_PATH}:/opt/ros/galactic /home/leoo/.local/bin/cmake --build /home/leoo/Documents/GitHub/ENPM673_turtlebot_perception_challenge/build/enpm673_final_proj -- -j8 -l8
[1.051s] DEBUG:colcon.colcon_core.event_handler.log_command:Invoking command in '/home/leoo/Documents/GitHub/ENPM673_turtlebot_perception_challenge/build/enpm673_final_proj': CMAKE_PREFIX_PATH=${CMAKE_PREFIX_PATH}:/opt/ros/galactic /home/leoo/.local/bin/cmake --install /home/leoo/Documents/GitHub/ENPM673_turtlebot_perception_challenge/build/enpm673_final_proj
[1.157s] Level 1:colcon.colcon_core.environment:create_environment_scripts_only(enpm673_final_proj)
[1.158s] DEBUG:colcon.colcon_core.event_handler.log_command:Invoked command in '/home/leoo/Documents/GitHub/ENPM673_turtlebot_perception_challenge/build/enpm673_final_proj' returned '0': CMAKE_PREFIX_PATH=${CMAKE_PREFIX_PATH}:/opt/ros/galactic /home/leoo/.local/bin/cmake --install /home/leoo/Documents/GitHub/ENPM673_turtlebot_perception_challenge/build/enpm673_final_proj
[1.160s] Level 1:colcon.colcon_core.environment:checking '/home/leoo/Documents/GitHub/ENPM673_turtlebot_perception_challenge/install/enpm673_final_proj' for CMake module files
[1.161s] Level 1:colcon.colcon_core.environment:checking '/home/leoo/Documents/GitHub/ENPM673_turtlebot_perception_challenge/install/enpm673_final_proj' for CMake config files
[1.161s] Level 1:colcon.colcon_core.shell:create_environment_hook('enpm673_final_proj', 'cmake_prefix_path')
[1.161s] INFO:colcon.colcon_core.shell:Creating environment hook '/home/leoo/Documents/GitHub/ENPM673_turtlebot_perception_challenge/install/enpm673_final_proj/share/enpm673_final_proj/hook/cmake_prefix_path.ps1'
[1.162s] INFO:colcon.colcon_core.shell:Creating environment descriptor '/home/leoo/Documents/GitHub/ENPM673_turtlebot_perception_challenge/install/enpm673_final_proj/share/enpm673_final_proj/hook/cmake_prefix_path.dsv'
[1.163s] INFO:colcon.colcon_core.shell:Creating environment hook '/home/leoo/Documents/GitHub/ENPM673_turtlebot_perception_challenge/install/enpm673_final_proj/share/enpm673_final_proj/hook/cmake_prefix_path.sh'
[1.164s] Level 1:colcon.colcon_core.environment:checking '/home/leoo/Documents/GitHub/ENPM673_turtlebot_perception_challenge/install/enpm673_final_proj/lib'
[1.164s] Level 1:colcon.colcon_core.environment:checking '/home/leoo/Documents/GitHub/ENPM673_turtlebot_perception_challenge/install/enpm673_final_proj/bin'
[1.164s] Level 1:colcon.colcon_core.environment:checking '/home/leoo/Documents/GitHub/ENPM673_turtlebot_perception_challenge/install/enpm673_final_proj/lib/pkgconfig/enpm673_final_proj.pc'
[1.164s] Level 1:colcon.colcon_core.environment:checking '/home/leoo/Documents/GitHub/ENPM673_turtlebot_perception_challenge/install/enpm673_final_proj/lib/python3.8/site-packages'
[1.164s] Level 1:colcon.colcon_core.shell:create_environment_hook('enpm673_final_proj', 'pythonpath')
[1.165s] INFO:colcon.colcon_core.shell:Creating environment hook '/home/leoo/Documents/GitHub/ENPM673_turtlebot_perception_challenge/install/enpm673_final_proj/share/enpm673_final_proj/hook/pythonpath.ps1'
[1.165s] INFO:colcon.colcon_core.shell:Creating environment descriptor '/home/leoo/Documents/GitHub/ENPM673_turtlebot_perception_challenge/install/enpm673_final_proj/share/enpm673_final_proj/hook/pythonpath.dsv'
[1.166s] INFO:colcon.colcon_core.shell:Creating environment hook '/home/leoo/Documents/GitHub/ENPM673_turtlebot_perception_challenge/install/enpm673_final_proj/share/enpm673_final_proj/hook/pythonpath.sh'
[1.166s] Level 1:colcon.colcon_core.environment:checking '/home/leoo/Documents/GitHub/ENPM673_turtlebot_perception_challenge/install/enpm673_final_proj/bin'
[1.167s] INFO:colcon.colcon_core.shell:Creating package script '/home/leoo/Documents/GitHub/ENPM673_turtlebot_perception_challenge/install/enpm673_final_proj/share/enpm673_final_proj/package.ps1'
[1.168s] INFO:colcon.colcon_core.shell:Creating package descriptor '/home/leoo/Documents/GitHub/ENPM673_turtlebot_perception_challenge/install/enpm673_final_proj/share/enpm673_final_proj/package.dsv'
[1.169s] INFO:colcon.colcon_core.shell:Creating package script '/home/leoo/Documents/GitHub/ENPM673_turtlebot_perception_challenge/install/enpm673_final_proj/share/enpm673_final_proj/package.sh'
[1.170s] INFO:colcon.colcon_core.shell:Creating package script '/home/leoo/Documents/GitHub/ENPM673_turtlebot_perception_challenge/install/enpm673_final_proj/share/enpm673_final_proj/package.bash'
[1.170s] INFO:colcon.colcon_core.shell:Creating package script '/home/leoo/Documents/GitHub/ENPM673_turtlebot_perception_challenge/install/enpm673_final_proj/share/enpm673_final_proj/package.zsh'
[1.171s] Level 1:colcon.colcon_core.environment:create_file_with_runtime_dependencies(/home/leoo/Documents/GitHub/ENPM673_turtlebot_perception_challenge/install/enpm673_final_proj/share/colcon-core/packages/enpm673_final_proj)
[1.257s] Level 1:colcon.colcon_core.environment:create_environment_scripts_only(enpm673_final_proj)
[1.257s] Level 1:colcon.colcon_core.environment:checking '/home/leoo/Documents/GitHub/ENPM673_turtlebot_perception_challenge/install/enpm673_final_proj' for CMake module files
[1.258s] Level 1:colcon.colcon_core.environment:checking '/home/leoo/Documents/GitHub/ENPM673_turtlebot_perception_challenge/install/enpm673_final_proj' for CMake config files
[1.258s] Level 1:colcon.colcon_core.shell:create_environment_hook('enpm673_final_proj', 'cmake_prefix_path')
[1.258s] INFO:colcon.colcon_core.shell:Creating environment hook '/home/leoo/Documents/GitHub/ENPM673_turtlebot_perception_challenge/install/enpm673_final_proj/share/enpm673_final_proj/hook/cmake_prefix_path.ps1'
[1.259s] INFO:colcon.colcon_core.shell:Creating environment descriptor '/home/leoo/Documents/GitHub/ENPM673_turtlebot_perception_challenge/install/enpm673_final_proj/share/enpm673_final_proj/hook/cmake_prefix_path.dsv'
[1.259s] INFO:colcon.colcon_core.shell:Creating environment hook '/home/leoo/Documents/GitHub/ENPM673_turtlebot_perception_challenge/install/enpm673_final_proj/share/enpm673_final_proj/hook/cmake_prefix_path.sh'
[1.260s] Level 1:colcon.colcon_core.environment:checking '/home/leoo/Documents/GitHub/ENPM673_turtlebot_perception_challenge/install/enpm673_final_proj/lib'
[1.260s] Level 1:colcon.colcon_core.environment:checking '/home/leoo/Documents/GitHub/ENPM673_turtlebot_perception_challenge/install/enpm673_final_proj/bin'
[1.260s] Level 1:colcon.colcon_core.environment:checking '/home/leoo/Documents/GitHub/ENPM673_turtlebot_perception_challenge/install/enpm673_final_proj/lib/pkgconfig/enpm673_final_proj.pc'
[1.261s] Level 1:colcon.colcon_core.environment:checking '/home/leoo/Documents/GitHub/ENPM673_turtlebot_perception_challenge/install/enpm673_final_proj/lib/python3.8/site-packages'
[1.261s] Level 1:colcon.colcon_core.shell:create_environment_hook('enpm673_final_proj', 'pythonpath')
[1.261s] INFO:colcon.colcon_core.shell:Creating environment hook '/home/leoo/Documents/GitHub/ENPM673_turtlebot_perception_challenge/install/enpm673_final_proj/share/enpm673_final_proj/hook/pythonpath.ps1'
[1.261s] INFO:colcon.colcon_core.shell:Creating environment descriptor '/home/leoo/Documents/GitHub/ENPM673_turtlebot_perception_challenge/install/enpm673_final_proj/share/enpm673_final_proj/hook/pythonpath.dsv'
[1.262s] INFO:colcon.colcon_core.shell:Creating environment hook '/home/leoo/Documents/GitHub/ENPM673_turtlebot_perception_challenge/install/enpm673_final_proj/share/enpm673_final_proj/hook/pythonpath.sh'
[1.263s] Level 1:colcon.colcon_core.environment:checking '/home/leoo/Documents/GitHub/ENPM673_turtlebot_perception_challenge/install/enpm673_final_proj/bin'
[1.263s] INFO:colcon.colcon_core.shell:Creating package script '/home/leoo/Documents/GitHub/ENPM673_turtlebot_perception_challenge/install/enpm673_final_proj/share/enpm673_final_proj/package.ps1'
[1.264s] INFO:colcon.colcon_core.shell:Creating package descriptor '/home/leoo/Documents/GitHub/ENPM673_turtlebot_perception_challenge/install/enpm673_final_proj/share/enpm673_final_proj/package.dsv'
[1.265s] INFO:colcon.colcon_core.shell:Creating package script '/home/leoo/Documents/GitHub/ENPM673_turtlebot_perception_challenge/install/enpm673_final_proj/share/enpm673_final_proj/package.sh'
[1.266s] INFO:colcon.colcon_core.shell:Creating package script '/home/leoo/Documents/GitHub/ENPM673_turtlebot_perception_challenge/install/enpm673_final_proj/share/enpm673_final_proj/package.bash'
[1.267s] INFO:colcon.colcon_core.shell:Creating package script '/home/leoo/Documents/GitHub/ENPM673_turtlebot_perception_challenge/install/enpm673_final_proj/share/enpm673_final_proj/package.zsh'
[1.267s] Level 1:colcon.colcon_core.environment:create_file_with_runtime_dependencies(/home/leoo/Documents/GitHub/ENPM673_turtlebot_perception_challenge/install/enpm673_final_proj/share/colcon-core/packages/enpm673_final_proj)
[1.268s] DEBUG:colcon.colcon_parallel_executor.executor.parallel:closing loop
[1.268s] DEBUG:colcon.colcon_parallel_executor.executor.parallel:loop closed
[1.268s] DEBUG:colcon.colcon_parallel_executor.executor.parallel:run_until_complete finished with '0'
[1.269s] DEBUG:colcon.colcon_core.event_reactor:joining thread
[1.274s] INFO:colcon.colcon_core.plugin_system:Skipping extension 'colcon_notification.desktop_notification.terminal_notifier': Not used on non-Darwin systems
[1.274s] INFO:colcon.colcon_core.plugin_system:Skipping extension 'colcon_notification.desktop_notification.win32': Not used on non-Windows systems
[1.274s] INFO:colcon.colcon_notification.desktop_notification:Sending desktop notification using 'notify2'
[1.293s] DEBUG:colcon.colcon_core.event_reactor:joined thread
[1.294s] INFO:colcon.colcon_core.shell:Creating prefix script '/home/leoo/Documents/GitHub/ENPM673_turtlebot_perception_challenge/install/local_setup.ps1'
[1.295s] INFO:colcon.colcon_core.shell:Creating prefix util module '/home/leoo/Documents/GitHub/ENPM673_turtlebot_perception_challenge/install/_local_setup_util_ps1.py'
[1.297s] INFO:colcon.colcon_core.shell:Creating prefix chain script '/home/leoo/Documents/GitHub/ENPM673_turtlebot_perception_challenge/install/setup.ps1'
[1.298s] INFO:colcon.colcon_core.shell:Creating prefix script '/home/leoo/Documents/GitHub/ENPM673_turtlebot_perception_challenge/install/local_setup.sh'
[1.299s] INFO:colcon.colcon_core.shell:Creating prefix util module '/home/leoo/Documents/GitHub/ENPM673_turtlebot_perception_challenge/install/_local_setup_util_sh.py'
[1.299s] INFO:colcon.colcon_core.shell:Creating prefix chain script '/home/leoo/Documents/GitHub/ENPM673_turtlebot_perception_challenge/install/setup.sh'
[1.300s] INFO:colcon.colcon_core.shell:Creating prefix script '/home/leoo/Documents/GitHub/ENPM673_turtlebot_perception_challenge/install/local_setup.bash'
[1.301s] INFO:colcon.colcon_core.shell:Creating prefix chain script '/home/leoo/Documents/GitHub/ENPM673_turtlebot_perception_challenge/install/setup.bash'
[1.302s] INFO:colcon.colcon_core.shell:Creating prefix script '/home/leoo/Documents/GitHub/ENPM673_turtlebot_perception_challenge/install/local_setup.zsh'
[1.303s] INFO:colcon.colcon_core.shell:Creating prefix chain script '/home/leoo/Documents/GitHub/ENPM673_turtlebot_perception_challenge/install/setup.zsh'
