[0.217s] DEBUG:colcon:Command line arguments: ['/usr/bin/colcon', 'build']
[0.218s] DEBUG:colcon:Parsed command line arguments: Namespace(allow_overriding=[], ament_cmake_args=None, base_paths=['.'], build_base='build', catkin_cmake_args=None, catkin_skip_building_tests=False, cmake_args=None, cmake_clean_cache=False, cmake_clean_first=False, cmake_force_configure=False, cmake_target=None, cmake_target_skip_unavailable=False, continue_on_error=False, event_handlers=None, executor='parallel', ignore_user_meta=False, install_base='install', log_base=None, log_level=None, main=<bound method BuildVerb.main of <colcon_core.verb.build.BuildVerb object at 0x7f7d6e3ebfa0>>, merge_install=False, metas=['./colcon.meta'], packages_above=None, packages_above_and_dependencies=None, packages_above_depth=None, packages_end=None, packages_ignore=None, packages_ignore_regex=None, packages_select=None, packages_select_build_failed=False, packages_select_by_dep=None, packages_select_regex=None, packages_select_test_failures=False, packages_skip=None, packages_skip_build_finished=False, packages_skip_by_dep=None, packages_skip_regex=None, packages_skip_test_passed=False, packages_skip_up_to=None, packages_start=None, packages_up_to=None, packages_up_to_regex=None, parallel_workers=8, paths=None, symlink_install=False, test_result_base=None, verb_extension=<colcon_core.verb.build.BuildVerb object at 0x7f7d6e3ebfa0>, verb_name='build', verb_parser=<colcon_defaults.argument_parser.defaults.DefaultArgumentsDecorator object at 0x7f7d6e37c460>)
[0.358s] Level 1:colcon.colcon_core.package_discovery:discover_packages(colcon_meta) check parameters
[0.358s] Level 1:colcon.colcon_core.package_discovery:discover_packages(recursive) check parameters
[0.358s] Level 1:colcon.colcon_core.package_discovery:discover_packages(ignore) check parameters
[0.358s] Level 1:colcon.colcon_core.package_discovery:discover_packages(path) check parameters
[0.358s] Level 1:colcon.colcon_core.package_discovery:discover_packages(colcon_meta) discover
[0.358s] Level 1:colcon.colcon_core.package_discovery:discover_packages(recursive) discover
[0.358s] INFO:colcon.colcon_core.package_discovery:Crawling recursively for packages in '/home/leoo/Documents/GitHub/ENPM673_turtlebot_perception_challenge'
[0.358s] Level 1:colcon.colcon_core.package_identification:_identify(.) by extensions ['ignore', 'ignore_ament_install']
[0.358s] Level 1:colcon.colcon_core.package_identification:_identify(.) by extension 'ignore'
[0.358s] Level 1:colcon.colcon_core.package_identification:_identify(.) by extension 'ignore_ament_install'
[0.359s] Level 1:colcon.colcon_core.package_identification:_identify(.) by extensions ['colcon_pkg']
[0.359s] Level 1:colcon.colcon_core.package_identification:_identify(.) by extension 'colcon_pkg'
[0.359s] Level 1:colcon.colcon_core.package_identification:_identify(.) by extensions ['colcon_meta']
[0.359s] Level 1:colcon.colcon_core.package_identification:_identify(.) by extension 'colcon_meta'
[0.359s] Level 1:colcon.colcon_core.package_identification:_identify(.) by extensions ['ros']
[0.359s] Level 1:colcon.colcon_core.package_identification:_identify(.) by extension 'ros'
[0.368s] Level 1:colcon.colcon_core.package_identification:_identify(.) by extensions ['cmake', 'python']
[0.368s] Level 1:colcon.colcon_core.package_identification:_identify(.) by extension 'cmake'
[0.368s] Level 1:colcon.colcon_core.package_identification:_identify(.) by extension 'python'
[0.368s] Level 1:colcon.colcon_core.package_identification:_identify(.) by extensions ['python_setup_py']
[0.368s] Level 1:colcon.colcon_core.package_identification:_identify(.) by extension 'python_setup_py'
[0.368s] Level 1:colcon.colcon_core.package_identification:_identify(build) by extensions ['ignore', 'ignore_ament_install']
[0.369s] Level 1:colcon.colcon_core.package_identification:_identify(build) by extension 'ignore'
[0.369s] Level 1:colcon.colcon_core.package_identification:_identify(build) ignored
[0.369s] Level 1:colcon.colcon_core.package_identification:_identify(enpm673_final_proj) by extensions ['ignore', 'ignore_ament_install']
[0.369s] Level 1:colcon.colcon_core.package_identification:_identify(enpm673_final_proj) by extension 'ignore'
[0.369s] Level 1:colcon.colcon_core.package_identification:_identify(enpm673_final_proj) by extension 'ignore_ament_install'
[0.369s] Level 1:colcon.colcon_core.package_identification:_identify(enpm673_final_proj) by extensions ['colcon_pkg']
[0.369s] Level 1:colcon.colcon_core.package_identification:_identify(enpm673_final_proj) by extension 'colcon_pkg'
[0.369s] Level 1:colcon.colcon_core.package_identification:_identify(enpm673_final_proj) by extensions ['colcon_meta']
[0.369s] Level 1:colcon.colcon_core.package_identification:_identify(enpm673_final_proj) by extension 'colcon_meta'
[0.369s] Level 1:colcon.colcon_core.package_identification:_identify(enpm673_final_proj) by extensions ['ros']
[0.369s] Level 1:colcon.colcon_core.package_identification:_identify(enpm673_final_proj) by extension 'ros'
[0.371s] DEBUG:colcon.colcon_core.package_identification:Package 'enpm673_final_proj' with type 'ros.ament_cmake' and name 'enpm673_final_proj'
[0.372s] Level 1:colcon.colcon_core.package_identification:_identify(install) by extensions ['ignore', 'ignore_ament_install']
[0.372s] Level 1:colcon.colcon_core.package_identification:_identify(install) by extension 'ignore'
[0.372s] Level 1:colcon.colcon_core.package_identification:_identify(install) ignored
[0.372s] Level 1:colcon.colcon_core.package_identification:_identify(log) by extensions ['ignore', 'ignore_ament_install']
[0.372s] Level 1:colcon.colcon_core.package_identification:_identify(log) by extension 'ignore'
[0.372s] Level 1:colcon.colcon_core.package_identification:_identify(log) ignored
[0.372s] Level 1:colcon.colcon_core.package_identification:_identify(screenshots) by extensions ['ignore', 'ignore_ament_install']
[0.372s] Level 1:colcon.colcon_core.package_identification:_identify(screenshots) by extension 'ignore'
[0.372s] Level 1:colcon.colcon_core.package_identification:_identify(screenshots) by extension 'ignore_ament_install'
[0.372s] Level 1:colcon.colcon_core.package_identification:_identify(screenshots) by extensions ['colcon_pkg']
[0.372s] Level 1:colcon.colcon_core.package_identification:_identify(screenshots) by extension 'colcon_pkg'
[0.372s] Level 1:colcon.colcon_core.package_identification:_identify(screenshots) by extensions ['colcon_meta']
[0.372s] Level 1:colcon.colcon_core.package_identification:_identify(screenshots) by extension 'colcon_meta'
[0.372s] Level 1:colcon.colcon_core.package_identification:_identify(screenshots) by extensions ['ros']
[0.372s] Level 1:colcon.colcon_core.package_identification:_identify(screenshots) by extension 'ros'
[0.372s] Level 1:colcon.colcon_core.package_identification:_identify(screenshots) by extensions ['cmake', 'python']
[0.372s] Level 1:colcon.colcon_core.package_identification:_identify(screenshots) by extension 'cmake'
[0.372s] Level 1:colcon.colcon_core.package_identification:_identify(screenshots) by extension 'python'
[0.372s] Level 1:colcon.colcon_core.package_identification:_identify(screenshots) by extensions ['python_setup_py']
[0.373s] Level 1:colcon.colcon_core.package_identification:_identify(screenshots) by extension 'python_setup_py'
[0.373s] Level 1:colcon.colcon_core.package_discovery:discover_packages(recursive) using defaults
[0.373s] Level 1:colcon.colcon_core.package_discovery:discover_packages(ignore) discover
[0.373s] Level 1:colcon.colcon_core.package_discovery:discover_packages(ignore) using defaults
[0.373s] Level 1:colcon.colcon_core.package_discovery:discover_packages(path) discover
[0.373s] Level 1:colcon.colcon_core.package_discovery:discover_packages(path) using defaults
[0.387s] Level 1:colcon.colcon_core.package_discovery:discover_packages(prefix_path) check parameters
[0.387s] Level 1:colcon.colcon_core.package_discovery:discover_packages(prefix_path) discover
[0.389s] DEBUG:colcon.colcon_installed_package_information.package_discovery:Found 355 installed packages in /opt/ros/galactic
[0.403s] Level 1:colcon.colcon_core.package_discovery:discover_packages(prefix_path) using defaults
[0.465s] Level 5:colcon.colcon_core.verb:set package 'enpm673_final_proj' build argument 'cmake_args' from command line to 'None'
[0.465s] Level 5:colcon.colcon_core.verb:set package 'enpm673_final_proj' build argument 'cmake_target' from command line to 'None'
[0.465s] Level 5:colcon.colcon_core.verb:set package 'enpm673_final_proj' build argument 'cmake_target_skip_unavailable' from command line to 'False'
[0.465s] Level 5:colcon.colcon_core.verb:set package 'enpm673_final_proj' build argument 'cmake_clean_cache' from command line to 'False'
[0.465s] Level 5:colcon.colcon_core.verb:set package 'enpm673_final_proj' build argument 'cmake_clean_first' from command line to 'False'
[0.465s] Level 5:colcon.colcon_core.verb:set package 'enpm673_final_proj' build argument 'cmake_force_configure' from command line to 'False'
[0.465s] Level 5:colcon.colcon_core.verb:set package 'enpm673_final_proj' build argument 'ament_cmake_args' from command line to 'None'
[0.465s] Level 5:colcon.colcon_core.verb:set package 'enpm673_final_proj' build argument 'catkin_cmake_args' from command line to 'None'
[0.465s] Level 5:colcon.colcon_core.verb:set package 'enpm673_final_proj' build argument 'catkin_skip_building_tests' from command line to 'False'
[0.465s] DEBUG:colcon.colcon_core.verb:Building package 'enpm673_final_proj' with the following arguments: {'ament_cmake_args': None, 'build_base': '/home/leoo/Documents/GitHub/ENPM673_turtlebot_perception_challenge/build/enpm673_final_proj', 'catkin_cmake_args': None, 'catkin_skip_building_tests': False, 'cmake_args': None, 'cmake_clean_cache': False, 'cmake_clean_first': False, 'cmake_force_configure': False, 'cmake_target': None, 'cmake_target_skip_unavailable': False, 'install_base': '/home/leoo/Documents/GitHub/ENPM673_turtlebot_perception_challenge/install/enpm673_final_proj', 'merge_install': False, 'path': '/home/leoo/Documents/GitHub/ENPM673_turtlebot_perception_challenge/enpm673_final_proj', 'symlink_install': False, 'test_result_base': None}
[0.465s] INFO:colcon.colcon_core.executor:Executing jobs using 'parallel' executor
[0.467s] DEBUG:colcon.colcon_parallel_executor.executor.parallel:run_until_complete
[0.467s] INFO:colcon.colcon_ros.task.ament_cmake.build:Building ROS package in '/home/leoo/Documents/GitHub/ENPM673_turtlebot_perception_challenge/enpm673_final_proj' with build type 'ament_cmake'
[0.467s] INFO:colcon.colcon_cmake.task.cmake.build:Building CMake package in '/home/leoo/Documents/GitHub/ENPM673_turtlebot_perception_challenge/enpm673_final_proj'
[0.469s] INFO:colcon.colcon_core.plugin_system:Skipping extension 'colcon_core.shell.bat': Not used on non-Windows systems
[0.469s] INFO:colcon.colcon_core.shell:Skip shell extension 'powershell' for command environment: Not usable outside of PowerShell
[0.469s] DEBUG:colcon.colcon_core.shell:Skip shell extension 'dsv' for command environment
[0.482s] DEBUG:colcon.colcon_core.event_handler.log_command:Invoking command in '/home/leoo/Documents/GitHub/ENPM673_turtlebot_perception_challenge/build/enpm673_final_proj': CMAKE_PREFIX_PATH=/opt/ros/galactic /home/leoo/.local/bin/cmake /home/leoo/Documents/GitHub/ENPM673_turtlebot_perception_challenge/enpm673_final_proj -DCMAKE_INSTALL_PREFIX=/home/leoo/Documents/GitHub/ENPM673_turtlebot_perception_challenge/install/enpm673_final_proj
[1.956s] DEBUG:colcon.colcon_core.event_handler.log_command:Invoked command in '/home/leoo/Documents/GitHub/ENPM673_turtlebot_perception_challenge/build/enpm673_final_proj' returned '0': CMAKE_PREFIX_PATH=/opt/ros/galactic /home/leoo/.local/bin/cmake /home/leoo/Documents/GitHub/ENPM673_turtlebot_perception_challenge/enpm673_final_proj -DCMAKE_INSTALL_PREFIX=/home/leoo/Documents/GitHub/ENPM673_turtlebot_perception_challenge/install/enpm673_final_proj
[1.960s] DEBUG:colcon.colcon_core.event_handler.log_command:Invoking command in '/home/leoo/Documents/GitHub/ENPM673_turtlebot_perception_challenge/build/enpm673_final_proj': CMAKE_PREFIX_PATH=/opt/ros/galactic /home/leoo/.local/bin/cmake --build /home/leoo/Documents/GitHub/ENPM673_turtlebot_perception_challenge/build/enpm673_final_proj -- -j8 -l8
[9.468s] DEBUG:colcon.colcon_core.event_handler.log_command:Invoked command in '/home/leoo/Documents/GitHub/ENPM673_turtlebot_perception_challenge/build/enpm673_final_proj' returned '2': CMAKE_PREFIX_PATH=/opt/ros/galactic /home/leoo/.local/bin/cmake --build /home/leoo/Documents/GitHub/ENPM673_turtlebot_perception_challenge/build/enpm673_final_proj -- -j8 -l8
[9.550s] Level 1:colcon.colcon_core.environment:create_environment_scripts_only(enpm673_final_proj)
[9.552s] Level 1:colcon.colcon_core.environment:checking '/home/leoo/Documents/GitHub/ENPM673_turtlebot_perception_challenge/install/enpm673_final_proj' for CMake module files
[9.553s] Level 1:colcon.colcon_core.environment:checking '/home/leoo/Documents/GitHub/ENPM673_turtlebot_perception_challenge/install/enpm673_final_proj' for CMake config files
[9.553s] Level 1:colcon.colcon_core.environment:checking '/home/leoo/Documents/GitHub/ENPM673_turtlebot_perception_challenge/install/enpm673_final_proj/bin'
[9.553s] Level 1:colcon.colcon_core.environment:checking '/home/leoo/Documents/GitHub/ENPM673_turtlebot_perception_challenge/install/enpm673_final_proj/lib/pkgconfig/enpm673_final_proj.pc'
[9.553s] Level 1:colcon.colcon_core.environment:checking '/home/leoo/Documents/GitHub/ENPM673_turtlebot_perception_challenge/install/enpm673_final_proj/lib/python3.8/site-packages'
[9.554s] Level 1:colcon.colcon_core.environment:checking '/home/leoo/Documents/GitHub/ENPM673_turtlebot_perception_challenge/install/enpm673_final_proj/bin'
[9.554s] INFO:colcon.colcon_core.shell:Creating package script '/home/leoo/Documents/GitHub/ENPM673_turtlebot_perception_challenge/install/enpm673_final_proj/share/enpm673_final_proj/package.ps1'
[9.555s] INFO:colcon.colcon_core.shell:Creating package descriptor '/home/leoo/Documents/GitHub/ENPM673_turtlebot_perception_challenge/install/enpm673_final_proj/share/enpm673_final_proj/package.dsv'
[9.556s] INFO:colcon.colcon_core.shell:Creating package script '/home/leoo/Documents/GitHub/ENPM673_turtlebot_perception_challenge/install/enpm673_final_proj/share/enpm673_final_proj/package.sh'
[9.556s] INFO:colcon.colcon_core.shell:Creating package script '/home/leoo/Documents/GitHub/ENPM673_turtlebot_perception_challenge/install/enpm673_final_proj/share/enpm673_final_proj/package.bash'
[9.557s] INFO:colcon.colcon_core.shell:Creating package script '/home/leoo/Documents/GitHub/ENPM673_turtlebot_perception_challenge/install/enpm673_final_proj/share/enpm673_final_proj/package.zsh'
[9.558s] Level 1:colcon.colcon_core.environment:create_file_with_runtime_dependencies(/home/leoo/Documents/GitHub/ENPM673_turtlebot_perception_challenge/install/enpm673_final_proj/share/colcon-core/packages/enpm673_final_proj)
[9.569s] DEBUG:colcon.colcon_parallel_executor.executor.parallel:closing loop
[9.570s] DEBUG:colcon.colcon_parallel_executor.executor.parallel:loop closed
[9.570s] DEBUG:colcon.colcon_parallel_executor.executor.parallel:run_until_complete finished with '2'
[9.570s] DEBUG:colcon.colcon_core.event_reactor:joining thread
[9.589s] INFO:colcon.colcon_core.plugin_system:Skipping extension 'colcon_notification.desktop_notification.terminal_notifier': Not used on non-Darwin systems
[9.589s] INFO:colcon.colcon_core.plugin_system:Skipping extension 'colcon_notification.desktop_notification.win32': Not used on non-Windows systems
[9.589s] INFO:colcon.colcon_notification.desktop_notification:Sending desktop notification using 'notify2'
[9.615s] DEBUG:colcon.colcon_core.event_reactor:joined thread
[9.616s] INFO:colcon.colcon_core.shell:Creating prefix script '/home/leoo/Documents/GitHub/ENPM673_turtlebot_perception_challenge/install/local_setup.ps1'
[9.617s] INFO:colcon.colcon_core.shell:Creating prefix util module '/home/leoo/Documents/GitHub/ENPM673_turtlebot_perception_challenge/install/_local_setup_util_ps1.py'
[9.618s] INFO:colcon.colcon_core.shell:Creating prefix chain script '/home/leoo/Documents/GitHub/ENPM673_turtlebot_perception_challenge/install/setup.ps1'
[9.619s] INFO:colcon.colcon_core.shell:Creating prefix script '/home/leoo/Documents/GitHub/ENPM673_turtlebot_perception_challenge/install/local_setup.sh'
[9.620s] INFO:colcon.colcon_core.shell:Creating prefix util module '/home/leoo/Documents/GitHub/ENPM673_turtlebot_perception_challenge/install/_local_setup_util_sh.py'
[9.622s] INFO:colcon.colcon_core.shell:Creating prefix chain script '/home/leoo/Documents/GitHub/ENPM673_turtlebot_perception_challenge/install/setup.sh'
[9.623s] INFO:colcon.colcon_core.shell:Creating prefix script '/home/leoo/Documents/GitHub/ENPM673_turtlebot_perception_challenge/install/local_setup.bash'
[9.624s] INFO:colcon.colcon_core.shell:Creating prefix chain script '/home/leoo/Documents/GitHub/ENPM673_turtlebot_perception_challenge/install/setup.bash'
[9.625s] INFO:colcon.colcon_core.shell:Creating prefix script '/home/leoo/Documents/GitHub/ENPM673_turtlebot_perception_challenge/install/local_setup.zsh'
[9.627s] INFO:colcon.colcon_core.shell:Creating prefix chain script '/home/leoo/Documents/GitHub/ENPM673_turtlebot_perception_challenge/install/setup.zsh'
